<?xml version="1.0" encoding="UTF-8"?>
<testsuite xmlns:xsi="http://www.w3.org/2001/XMLSchema-instance" xsi:noNamespaceSchemaLocation="https://maven.apache.org/surefire/maven-surefire-plugin/xsd/surefire-test-report-3.0.xsd" version="3.0" name="com.exemplo.UrnaTest" time="0.172" tests="7" errors="0" skipped="0" failures="0">
  <properties>
[...]
</properties>
  <testcase name="testNovoVoto" classname="com.exemplo.UrnaTest" time="0.054"/>
  <testcase name="testInicializacaoCandidatos" classname="com.exemplo.UrnaTest" time="0.008">
    <system-out><![CDATA[
========================================
          LISTA DE CANDIDATOS           
========================================
Felipe Vaz - Número: 20
Cleber Coelho - Número: 5
Maria Dolores - Número: 10
José Diniz - Número: 15
]]></system-out>
  </testcase>
  <testcase name="testNaoPodeVotar" classname="com.exemplo.UrnaTest" time="0.003"/>
  <testcase name="testVotoNulo" classname="com.exemplo.UrnaTest" time="0.02">
    <system-out><![CDATA[Número inválido! Seu voto será considerado NULO.
Confirmar voto? (S/N): Voto nulo confirmado.

========================================
          RESULTADO DA ELEIÇÃO          
========================================

Felipe Vaz (20): 0 votos (NaN%)
Cleber Coelho (5): 0 votos (NaN%)
Maria Dolores (10): 0 votos (NaN%)
José Diniz (15): 0 votos (NaN%)

Votos nulos: 1
Votos brancos: 0

Houve um empate entre: Felipe Vaz, Cleber Coelho, Maria Dolores, José Diniz com 0 votos cada.
]]></system-out>
  </testcase>
  <testcase name="testVotoAdicionaEleitor" classname="com.exemplo.UrnaTest" time="0.005"/>
  <testcase name="testVotoBranco" classname="com.exemplo.UrnaTest" time="0.005">
    <system-out><![CDATA[Você votou em BRANCO.
Confirmar voto? (S/N): Voto em branco confirmado.

========================================
          RESULTADO DA ELEIÇÃO          
========================================

Felipe Vaz (20): 0 votos (NaN%)
Cleber Coelho (5): 0 votos (NaN%)
Maria Dolores (10): 0 votos (NaN%)
José Diniz (15): 0 votos (NaN%)

Votos nulos: 1
Votos brancos: 1

Houve um empate entre: Felipe Vaz, Cleber Coelho, Maria Dolores, José Diniz com 0 votos cada.
]]></system-out>
  </testcase>
  <testcase name="testVotoValido" classname="com.exemplo.UrnaTest" time="0.007">
    <system-out><![CDATA[Você votou em: Cleber Coelho (5)
Confirmar voto? (S/N): Voto confirmado para: Cleber Coelho

========================================
          RESULTADO DA ELEIÇÃO          
========================================

Felipe Vaz (20): 0 votos (0.00%)
Cleber Coelho (5): 1 votos (100.00%)
Maria Dolores (10): 0 votos (0.00%)
José Diniz (15): 0 votos (0.00%)

Votos nulos: 1
Votos brancos: 1

 => Vencedor: Cleber Coelho com 1 votos!
]]></system-out>
  </testcase>
</testsuite>